2026-02-05 03:18:40,406 INFO: ======================================== [in C:\Users\yeshw\Downloads\Compressed\backend_primetrade_ai\src\backend\utils\logging_config.py:32]
2026-02-05 03:18:40,434 INFO: ======================================== [in C:\Users\yeshw\Downloads\Compressed\backend_primetrade_ai\src\backend\utils\logging_config.py:34]
2026-02-05 03:18:54,543 INFO: ======================================== [in C:\Users\yeshw\Downloads\Compressed\backend_primetrade_ai\src\backend\utils\logging_config.py:32]
2026-02-05 03:18:54,548 INFO: ======================================== [in C:\Users\yeshw\Downloads\Compressed\backend_primetrade_ai\src\backend\utils\logging_config.py:34]
2026-02-05 03:18:54,820 INFO: Test log entry: Auth Success [in <string>:1]
2026-02-05 03:18:54,820 ERROR: Test log entry: DB Error [in <string>:1]
2026-02-05 03:19:35,844 INFO: ======================================== [in C:\Users\yeshw\Downloads\Compressed\backend_primetrade_ai\src\backend\utils\logging_config.py:32]
2026-02-05 03:19:35,848 INFO: ======================================== [in C:\Users\yeshw\Downloads\Compressed\backend_primetrade_ai\src\backend\utils\logging_config.py:34]
2026-02-05 03:19:36,112 INFO: User registration success: admin@primetrade.ai [in <string>:1]
2026-02-05 03:19:36,113 INFO: JWT token generated for UID 1 [in <string>:1]
2026-02-05 03:19:36,113 INFO: Task created: ID 101 by User 1 [in <string>:1]
2026-02-05 03:19:36,115 WARNING: Rate limit reached for IP 127.0.0.1 [in <string>:1]
2026-02-05 03:25:20,405 INFO: ======================================== [in C:\Users\yeshw\Downloads\Compressed\backend_primetrade_ai\src\backend\utils\logging_config.py:32]
2026-02-05 03:25:20,611 INFO: ======================================== [in C:\Users\yeshw\Downloads\Compressed\backend_primetrade_ai\src\backend\utils\logging_config.py:34]
2026-02-05 03:25:20,902 INFO: ======================================== [in C:\Users\yeshw\Downloads\Compressed\backend_primetrade_ai\src\backend\utils\logging_config.py:32]
2026-02-05 03:25:20,902 INFO: ======================================== [in C:\Users\yeshw\Downloads\Compressed\backend_primetrade_ai\src\backend\utils\logging_config.py:32]
2026-02-05 03:25:20,906 INFO: ======================================== [in C:\Users\yeshw\Downloads\Compressed\backend_primetrade_ai\src\backend\utils\logging_config.py:34]
2026-02-05 03:25:20,906 INFO: ======================================== [in C:\Users\yeshw\Downloads\Compressed\backend_primetrade_ai\src\backend\utils\logging_config.py:34]
2026-02-05 03:25:21,181 INFO: ======================================== [in C:\Users\yeshw\Downloads\Compressed\backend_primetrade_ai\src\backend\utils\logging_config.py:32]
2026-02-05 03:25:21,181 INFO: ======================================== [in C:\Users\yeshw\Downloads\Compressed\backend_primetrade_ai\src\backend\utils\logging_config.py:32]
2026-02-05 03:25:21,181 INFO: ======================================== [in C:\Users\yeshw\Downloads\Compressed\backend_primetrade_ai\src\backend\utils\logging_config.py:32]
2026-02-05 03:25:21,188 INFO: ======================================== [in C:\Users\yeshw\Downloads\Compressed\backend_primetrade_ai\src\backend\utils\logging_config.py:34]
2026-02-05 03:25:21,188 INFO: ======================================== [in C:\Users\yeshw\Downloads\Compressed\backend_primetrade_ai\src\backend\utils\logging_config.py:34]
2026-02-05 03:25:21,188 INFO: ======================================== [in C:\Users\yeshw\Downloads\Compressed\backend_primetrade_ai\src\backend\utils\logging_config.py:34]
2026-02-05 03:25:21,714 INFO: New user registered: test_user@example.com [in C:\Users\yeshw\Downloads\Compressed\backend_primetrade_ai\src\backend\routes\auth.py:42]
2026-02-05 03:25:21,714 INFO: New user registered: test_user@example.com [in C:\Users\yeshw\Downloads\Compressed\backend_primetrade_ai\src\backend\routes\auth.py:42]
2026-02-05 03:25:21,714 INFO: New user registered: test_user@example.com [in C:\Users\yeshw\Downloads\Compressed\backend_primetrade_ai\src\backend\routes\auth.py:42]
2026-02-05 03:25:21,723 INFO: ======================================== [in C:\Users\yeshw\Downloads\Compressed\backend_primetrade_ai\src\backend\utils\logging_config.py:32]
2026-02-05 03:25:21,723 INFO: ======================================== [in C:\Users\yeshw\Downloads\Compressed\backend_primetrade_ai\src\backend\utils\logging_config.py:32]
2026-02-05 03:25:21,723 INFO: ======================================== [in C:\Users\yeshw\Downloads\Compressed\backend_primetrade_ai\src\backend\utils\logging_config.py:32]
2026-02-05 03:25:21,723 INFO: ======================================== [in C:\Users\yeshw\Downloads\Compressed\backend_primetrade_ai\src\backend\utils\logging_config.py:32]
2026-02-05 03:25:21,730 INFO: ======================================== [in C:\Users\yeshw\Downloads\Compressed\backend_primetrade_ai\src\backend\utils\logging_config.py:34]
2026-02-05 03:25:21,730 INFO: ======================================== [in C:\Users\yeshw\Downloads\Compressed\backend_primetrade_ai\src\backend\utils\logging_config.py:34]
2026-02-05 03:25:21,730 INFO: ======================================== [in C:\Users\yeshw\Downloads\Compressed\backend_primetrade_ai\src\backend\utils\logging_config.py:34]
2026-02-05 03:25:21,730 INFO: ======================================== [in C:\Users\yeshw\Downloads\Compressed\backend_primetrade_ai\src\backend\utils\logging_config.py:34]
2026-02-05 03:25:21,988 INFO: ======================================== [in C:\Users\yeshw\Downloads\Compressed\backend_primetrade_ai\src\backend\utils\logging_config.py:32]
2026-02-05 03:25:21,988 INFO: ======================================== [in C:\Users\yeshw\Downloads\Compressed\backend_primetrade_ai\src\backend\utils\logging_config.py:32]
2026-02-05 03:25:21,988 INFO: ======================================== [in C:\Users\yeshw\Downloads\Compressed\backend_primetrade_ai\src\backend\utils\logging_config.py:32]
2026-02-05 03:25:21,988 INFO: ======================================== [in C:\Users\yeshw\Downloads\Compressed\backend_primetrade_ai\src\backend\utils\logging_config.py:32]
2026-02-05 03:25:21,988 INFO: ======================================== [in C:\Users\yeshw\Downloads\Compressed\backend_primetrade_ai\src\backend\utils\logging_config.py:32]
2026-02-05 03:25:21,996 INFO: ======================================== [in C:\Users\yeshw\Downloads\Compressed\backend_primetrade_ai\src\backend\utils\logging_config.py:34]
2026-02-05 03:25:21,996 INFO: ======================================== [in C:\Users\yeshw\Downloads\Compressed\backend_primetrade_ai\src\backend\utils\logging_config.py:34]
2026-02-05 03:25:21,996 INFO: ======================================== [in C:\Users\yeshw\Downloads\Compressed\backend_primetrade_ai\src\backend\utils\logging_config.py:34]
2026-02-05 03:25:21,996 INFO: ======================================== [in C:\Users\yeshw\Downloads\Compressed\backend_primetrade_ai\src\backend\utils\logging_config.py:34]
2026-02-05 03:25:21,996 INFO: ======================================== [in C:\Users\yeshw\Downloads\Compressed\backend_primetrade_ai\src\backend\utils\logging_config.py:34]
2026-02-05 03:25:22,505 INFO: New user registered: duplicate@example.com [in C:\Users\yeshw\Downloads\Compressed\backend_primetrade_ai\src\backend\routes\auth.py:42]
2026-02-05 03:25:22,505 INFO: New user registered: duplicate@example.com [in C:\Users\yeshw\Downloads\Compressed\backend_primetrade_ai\src\backend\routes\auth.py:42]
2026-02-05 03:25:22,505 INFO: New user registered: duplicate@example.com [in C:\Users\yeshw\Downloads\Compressed\backend_primetrade_ai\src\backend\routes\auth.py:42]
2026-02-05 03:25:22,505 INFO: New user registered: duplicate@example.com [in C:\Users\yeshw\Downloads\Compressed\backend_primetrade_ai\src\backend\routes\auth.py:42]
2026-02-05 03:25:22,505 INFO: New user registered: duplicate@example.com [in C:\Users\yeshw\Downloads\Compressed\backend_primetrade_ai\src\backend\routes\auth.py:42]
2026-02-05 03:25:22,516 INFO: ======================================== [in C:\Users\yeshw\Downloads\Compressed\backend_primetrade_ai\src\backend\utils\logging_config.py:32]
2026-02-05 03:25:22,516 INFO: ======================================== [in C:\Users\yeshw\Downloads\Compressed\backend_primetrade_ai\src\backend\utils\logging_config.py:32]
2026-02-05 03:25:22,516 INFO: ======================================== [in C:\Users\yeshw\Downloads\Compressed\backend_primetrade_ai\src\backend\utils\logging_config.py:32]
2026-02-05 03:25:22,516 INFO: ======================================== [in C:\Users\yeshw\Downloads\Compressed\backend_primetrade_ai\src\backend\utils\logging_config.py:32]
2026-02-05 03:25:22,516 INFO: ======================================== [in C:\Users\yeshw\Downloads\Compressed\backend_primetrade_ai\src\backend\utils\logging_config.py:32]
2026-02-05 03:25:22,516 INFO: ======================================== [in C:\Users\yeshw\Downloads\Compressed\backend_primetrade_ai\src\backend\utils\logging_config.py:32]
2026-02-05 03:25:22,534 INFO: ======================================== [in C:\Users\yeshw\Downloads\Compressed\backend_primetrade_ai\src\backend\utils\logging_config.py:34]
2026-02-05 03:25:22,534 INFO: ======================================== [in C:\Users\yeshw\Downloads\Compressed\backend_primetrade_ai\src\backend\utils\logging_config.py:34]
2026-02-05 03:25:22,534 INFO: ======================================== [in C:\Users\yeshw\Downloads\Compressed\backend_primetrade_ai\src\backend\utils\logging_config.py:34]
2026-02-05 03:25:22,534 INFO: ======================================== [in C:\Users\yeshw\Downloads\Compressed\backend_primetrade_ai\src\backend\utils\logging_config.py:34]
2026-02-05 03:25:22,534 INFO: ======================================== [in C:\Users\yeshw\Downloads\Compressed\backend_primetrade_ai\src\backend\utils\logging_config.py:34]
2026-02-05 03:25:22,534 INFO: ======================================== [in C:\Users\yeshw\Downloads\Compressed\backend_primetrade_ai\src\backend\utils\logging_config.py:34]
2026-02-05 03:25:23,026 INFO: New user registered: login_test@example.com [in C:\Users\yeshw\Downloads\Compressed\backend_primetrade_ai\src\backend\routes\auth.py:42]
2026-02-05 03:25:23,026 INFO: New user registered: login_test@example.com [in C:\Users\yeshw\Downloads\Compressed\backend_primetrade_ai\src\backend\routes\auth.py:42]
2026-02-05 03:25:23,026 INFO: New user registered: login_test@example.com [in C:\Users\yeshw\Downloads\Compressed\backend_primetrade_ai\src\backend\routes\auth.py:42]
2026-02-05 03:25:23,026 INFO: New user registered: login_test@example.com [in C:\Users\yeshw\Downloads\Compressed\backend_primetrade_ai\src\backend\routes\auth.py:42]
2026-02-05 03:25:23,026 INFO: New user registered: login_test@example.com [in C:\Users\yeshw\Downloads\Compressed\backend_primetrade_ai\src\backend\routes\auth.py:42]
2026-02-05 03:25:23,026 INFO: New user registered: login_test@example.com [in C:\Users\yeshw\Downloads\Compressed\backend_primetrade_ai\src\backend\routes\auth.py:42]
2026-02-05 03:25:23,289 INFO: User login successful: login_test@example.com [in C:\Users\yeshw\Downloads\Compressed\backend_primetrade_ai\src\backend\routes\auth.py:81]
2026-02-05 03:25:23,289 INFO: User login successful: login_test@example.com [in C:\Users\yeshw\Downloads\Compressed\backend_primetrade_ai\src\backend\routes\auth.py:81]
2026-02-05 03:25:23,289 INFO: User login successful: login_test@example.com [in C:\Users\yeshw\Downloads\Compressed\backend_primetrade_ai\src\backend\routes\auth.py:81]
2026-02-05 03:25:23,289 INFO: User login successful: login_test@example.com [in C:\Users\yeshw\Downloads\Compressed\backend_primetrade_ai\src\backend\routes\auth.py:81]
2026-02-05 03:25:23,289 INFO: User login successful: login_test@example.com [in C:\Users\yeshw\Downloads\Compressed\backend_primetrade_ai\src\backend\routes\auth.py:81]
2026-02-05 03:25:23,289 INFO: User login successful: login_test@example.com [in C:\Users\yeshw\Downloads\Compressed\backend_primetrade_ai\src\backend\routes\auth.py:81]
2026-02-05 03:25:23,296 INFO: ======================================== [in C:\Users\yeshw\Downloads\Compressed\backend_primetrade_ai\src\backend\utils\logging_config.py:32]
2026-02-05 03:25:23,296 INFO: ======================================== [in C:\Users\yeshw\Downloads\Compressed\backend_primetrade_ai\src\backend\utils\logging_config.py:32]
2026-02-05 03:25:23,296 INFO: ======================================== [in C:\Users\yeshw\Downloads\Compressed\backend_primetrade_ai\src\backend\utils\logging_config.py:32]
2026-02-05 03:25:23,296 INFO: ======================================== [in C:\Users\yeshw\Downloads\Compressed\backend_primetrade_ai\src\backend\utils\logging_config.py:32]
2026-02-05 03:25:23,296 INFO: ======================================== [in C:\Users\yeshw\Downloads\Compressed\backend_primetrade_ai\src\backend\utils\logging_config.py:32]
2026-02-05 03:25:23,296 INFO: ======================================== [in C:\Users\yeshw\Downloads\Compressed\backend_primetrade_ai\src\backend\utils\logging_config.py:32]
2026-02-05 03:25:23,296 INFO: ======================================== [in C:\Users\yeshw\Downloads\Compressed\backend_primetrade_ai\src\backend\utils\logging_config.py:32]
2026-02-05 03:25:23,309 INFO: ======================================== [in C:\Users\yeshw\Downloads\Compressed\backend_primetrade_ai\src\backend\utils\logging_config.py:34]
2026-02-05 03:25:23,309 INFO: ======================================== [in C:\Users\yeshw\Downloads\Compressed\backend_primetrade_ai\src\backend\utils\logging_config.py:34]
2026-02-05 03:25:23,309 INFO: ======================================== [in C:\Users\yeshw\Downloads\Compressed\backend_primetrade_ai\src\backend\utils\logging_config.py:34]
2026-02-05 03:25:23,309 INFO: ======================================== [in C:\Users\yeshw\Downloads\Compressed\backend_primetrade_ai\src\backend\utils\logging_config.py:34]
2026-02-05 03:25:23,309 INFO: ======================================== [in C:\Users\yeshw\Downloads\Compressed\backend_primetrade_ai\src\backend\utils\logging_config.py:34]
2026-02-05 03:25:23,309 INFO: ======================================== [in C:\Users\yeshw\Downloads\Compressed\backend_primetrade_ai\src\backend\utils\logging_config.py:34]
2026-02-05 03:25:23,309 INFO: ======================================== [in C:\Users\yeshw\Downloads\Compressed\backend_primetrade_ai\src\backend\utils\logging_config.py:34]
2026-02-05 03:25:23,823 INFO: New user registered: wrong_pass@example.com [in C:\Users\yeshw\Downloads\Compressed\backend_primetrade_ai\src\backend\routes\auth.py:42]
2026-02-05 03:25:23,823 INFO: New user registered: wrong_pass@example.com [in C:\Users\yeshw\Downloads\Compressed\backend_primetrade_ai\src\backend\routes\auth.py:42]
2026-02-05 03:25:23,823 INFO: New user registered: wrong_pass@example.com [in C:\Users\yeshw\Downloads\Compressed\backend_primetrade_ai\src\backend\routes\auth.py:42]
2026-02-05 03:25:23,823 INFO: New user registered: wrong_pass@example.com [in C:\Users\yeshw\Downloads\Compressed\backend_primetrade_ai\src\backend\routes\auth.py:42]
2026-02-05 03:25:23,823 INFO: New user registered: wrong_pass@example.com [in C:\Users\yeshw\Downloads\Compressed\backend_primetrade_ai\src\backend\routes\auth.py:42]
2026-02-05 03:25:23,823 INFO: New user registered: wrong_pass@example.com [in C:\Users\yeshw\Downloads\Compressed\backend_primetrade_ai\src\backend\routes\auth.py:42]
2026-02-05 03:25:23,823 INFO: New user registered: wrong_pass@example.com [in C:\Users\yeshw\Downloads\Compressed\backend_primetrade_ai\src\backend\routes\auth.py:42]
2026-02-05 03:25:24,063 WARNING: Failed login attempt for email: wrong_pass@example.com [in C:\Users\yeshw\Downloads\Compressed\backend_primetrade_ai\src\backend\routes\auth.py:78]
2026-02-05 03:25:24,063 WARNING: Failed login attempt for email: wrong_pass@example.com [in C:\Users\yeshw\Downloads\Compressed\backend_primetrade_ai\src\backend\routes\auth.py:78]
2026-02-05 03:25:24,063 WARNING: Failed login attempt for email: wrong_pass@example.com [in C:\Users\yeshw\Downloads\Compressed\backend_primetrade_ai\src\backend\routes\auth.py:78]
2026-02-05 03:25:24,063 WARNING: Failed login attempt for email: wrong_pass@example.com [in C:\Users\yeshw\Downloads\Compressed\backend_primetrade_ai\src\backend\routes\auth.py:78]
2026-02-05 03:25:24,063 WARNING: Failed login attempt for email: wrong_pass@example.com [in C:\Users\yeshw\Downloads\Compressed\backend_primetrade_ai\src\backend\routes\auth.py:78]
2026-02-05 03:25:24,063 WARNING: Failed login attempt for email: wrong_pass@example.com [in C:\Users\yeshw\Downloads\Compressed\backend_primetrade_ai\src\backend\routes\auth.py:78]
2026-02-05 03:25:24,063 WARNING: Failed login attempt for email: wrong_pass@example.com [in C:\Users\yeshw\Downloads\Compressed\backend_primetrade_ai\src\backend\routes\auth.py:78]
2026-02-05 03:26:33,729 INFO: ======================================== [in C:\Users\yeshw\Downloads\Compressed\backend_primetrade_ai\src\backend\utils\logging_config.py:32]
2026-02-05 03:26:33,736 INFO: ======================================== [in C:\Users\yeshw\Downloads\Compressed\backend_primetrade_ai\src\backend\utils\logging_config.py:34]
2026-02-05 03:26:34,006 INFO: ======================================== [in C:\Users\yeshw\Downloads\Compressed\backend_primetrade_ai\src\backend\utils\logging_config.py:32]
2026-02-05 03:26:34,006 INFO: ======================================== [in C:\Users\yeshw\Downloads\Compressed\backend_primetrade_ai\src\backend\utils\logging_config.py:32]
2026-02-05 03:26:34,010 INFO: ======================================== [in C:\Users\yeshw\Downloads\Compressed\backend_primetrade_ai\src\backend\utils\logging_config.py:34]
2026-02-05 03:26:34,010 INFO: ======================================== [in C:\Users\yeshw\Downloads\Compressed\backend_primetrade_ai\src\backend\utils\logging_config.py:34]
2026-02-05 03:26:34,275 INFO: ======================================== [in C:\Users\yeshw\Downloads\Compressed\backend_primetrade_ai\src\backend\utils\logging_config.py:32]
2026-02-05 03:26:34,275 INFO: ======================================== [in C:\Users\yeshw\Downloads\Compressed\backend_primetrade_ai\src\backend\utils\logging_config.py:32]
2026-02-05 03:26:34,275 INFO: ======================================== [in C:\Users\yeshw\Downloads\Compressed\backend_primetrade_ai\src\backend\utils\logging_config.py:32]
2026-02-05 03:26:34,280 INFO: ======================================== [in C:\Users\yeshw\Downloads\Compressed\backend_primetrade_ai\src\backend\utils\logging_config.py:34]
2026-02-05 03:26:34,280 INFO: ======================================== [in C:\Users\yeshw\Downloads\Compressed\backend_primetrade_ai\src\backend\utils\logging_config.py:34]
2026-02-05 03:26:34,280 INFO: ======================================== [in C:\Users\yeshw\Downloads\Compressed\backend_primetrade_ai\src\backend\utils\logging_config.py:34]
2026-02-05 03:26:34,757 INFO: New user registered: test_user@example.com [in C:\Users\yeshw\Downloads\Compressed\backend_primetrade_ai\src\backend\routes\auth.py:42]
2026-02-05 03:26:34,757 INFO: New user registered: test_user@example.com [in C:\Users\yeshw\Downloads\Compressed\backend_primetrade_ai\src\backend\routes\auth.py:42]
2026-02-05 03:26:34,757 INFO: New user registered: test_user@example.com [in C:\Users\yeshw\Downloads\Compressed\backend_primetrade_ai\src\backend\routes\auth.py:42]
2026-02-05 03:26:34,765 INFO: ======================================== [in C:\Users\yeshw\Downloads\Compressed\backend_primetrade_ai\src\backend\utils\logging_config.py:32]
2026-02-05 03:26:34,765 INFO: ======================================== [in C:\Users\yeshw\Downloads\Compressed\backend_primetrade_ai\src\backend\utils\logging_config.py:32]
2026-02-05 03:26:34,765 INFO: ======================================== [in C:\Users\yeshw\Downloads\Compressed\backend_primetrade_ai\src\backend\utils\logging_config.py:32]
2026-02-05 03:26:34,765 INFO: ======================================== [in C:\Users\yeshw\Downloads\Compressed\backend_primetrade_ai\src\backend\utils\logging_config.py:32]
2026-02-05 03:26:34,772 INFO: ======================================== [in C:\Users\yeshw\Downloads\Compressed\backend_primetrade_ai\src\backend\utils\logging_config.py:34]
2026-02-05 03:26:34,772 INFO: ======================================== [in C:\Users\yeshw\Downloads\Compressed\backend_primetrade_ai\src\backend\utils\logging_config.py:34]
2026-02-05 03:26:34,772 INFO: ======================================== [in C:\Users\yeshw\Downloads\Compressed\backend_primetrade_ai\src\backend\utils\logging_config.py:34]
2026-02-05 03:26:34,772 INFO: ======================================== [in C:\Users\yeshw\Downloads\Compressed\backend_primetrade_ai\src\backend\utils\logging_config.py:34]
2026-02-05 03:26:35,029 INFO: ======================================== [in C:\Users\yeshw\Downloads\Compressed\backend_primetrade_ai\src\backend\utils\logging_config.py:32]
2026-02-05 03:26:35,029 INFO: ======================================== [in C:\Users\yeshw\Downloads\Compressed\backend_primetrade_ai\src\backend\utils\logging_config.py:32]
2026-02-05 03:26:35,029 INFO: ======================================== [in C:\Users\yeshw\Downloads\Compressed\backend_primetrade_ai\src\backend\utils\logging_config.py:32]
2026-02-05 03:26:35,029 INFO: ======================================== [in C:\Users\yeshw\Downloads\Compressed\backend_primetrade_ai\src\backend\utils\logging_config.py:32]
2026-02-05 03:26:35,029 INFO: ======================================== [in C:\Users\yeshw\Downloads\Compressed\backend_primetrade_ai\src\backend\utils\logging_config.py:32]
2026-02-05 03:26:35,039 INFO: ======================================== [in C:\Users\yeshw\Downloads\Compressed\backend_primetrade_ai\src\backend\utils\logging_config.py:34]
2026-02-05 03:26:35,039 INFO: ======================================== [in C:\Users\yeshw\Downloads\Compressed\backend_primetrade_ai\src\backend\utils\logging_config.py:34]
2026-02-05 03:26:35,039 INFO: ======================================== [in C:\Users\yeshw\Downloads\Compressed\backend_primetrade_ai\src\backend\utils\logging_config.py:34]
2026-02-05 03:26:35,039 INFO: ======================================== [in C:\Users\yeshw\Downloads\Compressed\backend_primetrade_ai\src\backend\utils\logging_config.py:34]
2026-02-05 03:26:35,039 INFO: ======================================== [in C:\Users\yeshw\Downloads\Compressed\backend_primetrade_ai\src\backend\utils\logging_config.py:34]
2026-02-05 03:26:35,516 INFO: New user registered: duplicate@example.com [in C:\Users\yeshw\Downloads\Compressed\backend_primetrade_ai\src\backend\routes\auth.py:42]
2026-02-05 03:26:35,516 INFO: New user registered: duplicate@example.com [in C:\Users\yeshw\Downloads\Compressed\backend_primetrade_ai\src\backend\routes\auth.py:42]
2026-02-05 03:26:35,516 INFO: New user registered: duplicate@example.com [in C:\Users\yeshw\Downloads\Compressed\backend_primetrade_ai\src\backend\routes\auth.py:42]
2026-02-05 03:26:35,516 INFO: New user registered: duplicate@example.com [in C:\Users\yeshw\Downloads\Compressed\backend_primetrade_ai\src\backend\routes\auth.py:42]
2026-02-05 03:26:35,516 INFO: New user registered: duplicate@example.com [in C:\Users\yeshw\Downloads\Compressed\backend_primetrade_ai\src\backend\routes\auth.py:42]
2026-02-05 03:26:35,526 INFO: ======================================== [in C:\Users\yeshw\Downloads\Compressed\backend_primetrade_ai\src\backend\utils\logging_config.py:32]
2026-02-05 03:26:35,526 INFO: ======================================== [in C:\Users\yeshw\Downloads\Compressed\backend_primetrade_ai\src\backend\utils\logging_config.py:32]
2026-02-05 03:26:35,526 INFO: ======================================== [in C:\Users\yeshw\Downloads\Compressed\backend_primetrade_ai\src\backend\utils\logging_config.py:32]
2026-02-05 03:26:35,526 INFO: ======================================== [in C:\Users\yeshw\Downloads\Compressed\backend_primetrade_ai\src\backend\utils\logging_config.py:32]
2026-02-05 03:26:35,526 INFO: ======================================== [in C:\Users\yeshw\Downloads\Compressed\backend_primetrade_ai\src\backend\utils\logging_config.py:32]
2026-02-05 03:26:35,526 INFO: ======================================== [in C:\Users\yeshw\Downloads\Compressed\backend_primetrade_ai\src\backend\utils\logging_config.py:32]
2026-02-05 03:26:35,537 INFO: ======================================== [in C:\Users\yeshw\Downloads\Compressed\backend_primetrade_ai\src\backend\utils\logging_config.py:34]
2026-02-05 03:26:35,537 INFO: ======================================== [in C:\Users\yeshw\Downloads\Compressed\backend_primetrade_ai\src\backend\utils\logging_config.py:34]
2026-02-05 03:26:35,537 INFO: ======================================== [in C:\Users\yeshw\Downloads\Compressed\backend_primetrade_ai\src\backend\utils\logging_config.py:34]
2026-02-05 03:26:35,537 INFO: ======================================== [in C:\Users\yeshw\Downloads\Compressed\backend_primetrade_ai\src\backend\utils\logging_config.py:34]
2026-02-05 03:26:35,537 INFO: ======================================== [in C:\Users\yeshw\Downloads\Compressed\backend_primetrade_ai\src\backend\utils\logging_config.py:34]
2026-02-05 03:26:35,537 INFO: ======================================== [in C:\Users\yeshw\Downloads\Compressed\backend_primetrade_ai\src\backend\utils\logging_config.py:34]
2026-02-05 03:26:36,021 INFO: New user registered: login_test@example.com [in C:\Users\yeshw\Downloads\Compressed\backend_primetrade_ai\src\backend\routes\auth.py:42]
2026-02-05 03:26:36,021 INFO: New user registered: login_test@example.com [in C:\Users\yeshw\Downloads\Compressed\backend_primetrade_ai\src\backend\routes\auth.py:42]
2026-02-05 03:26:36,021 INFO: New user registered: login_test@example.com [in C:\Users\yeshw\Downloads\Compressed\backend_primetrade_ai\src\backend\routes\auth.py:42]
2026-02-05 03:26:36,021 INFO: New user registered: login_test@example.com [in C:\Users\yeshw\Downloads\Compressed\backend_primetrade_ai\src\backend\routes\auth.py:42]
2026-02-05 03:26:36,021 INFO: New user registered: login_test@example.com [in C:\Users\yeshw\Downloads\Compressed\backend_primetrade_ai\src\backend\routes\auth.py:42]
2026-02-05 03:26:36,021 INFO: New user registered: login_test@example.com [in C:\Users\yeshw\Downloads\Compressed\backend_primetrade_ai\src\backend\routes\auth.py:42]
2026-02-05 03:26:36,262 INFO: User login successful: login_test@example.com [in C:\Users\yeshw\Downloads\Compressed\backend_primetrade_ai\src\backend\routes\auth.py:81]
2026-02-05 03:26:36,262 INFO: User login successful: login_test@example.com [in C:\Users\yeshw\Downloads\Compressed\backend_primetrade_ai\src\backend\routes\auth.py:81]
2026-02-05 03:26:36,262 INFO: User login successful: login_test@example.com [in C:\Users\yeshw\Downloads\Compressed\backend_primetrade_ai\src\backend\routes\auth.py:81]
2026-02-05 03:26:36,262 INFO: User login successful: login_test@example.com [in C:\Users\yeshw\Downloads\Compressed\backend_primetrade_ai\src\backend\routes\auth.py:81]
2026-02-05 03:26:36,262 INFO: User login successful: login_test@example.com [in C:\Users\yeshw\Downloads\Compressed\backend_primetrade_ai\src\backend\routes\auth.py:81]
2026-02-05 03:26:36,262 INFO: User login successful: login_test@example.com [in C:\Users\yeshw\Downloads\Compressed\backend_primetrade_ai\src\backend\routes\auth.py:81]
2026-02-05 03:26:36,269 INFO: ======================================== [in C:\Users\yeshw\Downloads\Compressed\backend_primetrade_ai\src\backend\utils\logging_config.py:32]
2026-02-05 03:26:36,269 INFO: ======================================== [in C:\Users\yeshw\Downloads\Compressed\backend_primetrade_ai\src\backend\utils\logging_config.py:32]
2026-02-05 03:26:36,269 INFO: ======================================== [in C:\Users\yeshw\Downloads\Compressed\backend_primetrade_ai\src\backend\utils\logging_config.py:32]
2026-02-05 03:26:36,269 INFO: ======================================== [in C:\Users\yeshw\Downloads\Compressed\backend_primetrade_ai\src\backend\utils\logging_config.py:32]
2026-02-05 03:26:36,269 INFO: ======================================== [in C:\Users\yeshw\Downloads\Compressed\backend_primetrade_ai\src\backend\utils\logging_config.py:32]
2026-02-05 03:26:36,269 INFO: ======================================== [in C:\Users\yeshw\Downloads\Compressed\backend_primetrade_ai\src\backend\utils\logging_config.py:32]
2026-02-05 03:26:36,269 INFO: ======================================== [in C:\Users\yeshw\Downloads\Compressed\backend_primetrade_ai\src\backend\utils\logging_config.py:32]
2026-02-05 03:26:36,284 INFO: ======================================== [in C:\Users\yeshw\Downloads\Compressed\backend_primetrade_ai\src\backend\utils\logging_config.py:34]
2026-02-05 03:26:36,284 INFO: ======================================== [in C:\Users\yeshw\Downloads\Compressed\backend_primetrade_ai\src\backend\utils\logging_config.py:34]
2026-02-05 03:26:36,284 INFO: ======================================== [in C:\Users\yeshw\Downloads\Compressed\backend_primetrade_ai\src\backend\utils\logging_config.py:34]
2026-02-05 03:26:36,284 INFO: ======================================== [in C:\Users\yeshw\Downloads\Compressed\backend_primetrade_ai\src\backend\utils\logging_config.py:34]
2026-02-05 03:26:36,284 INFO: ======================================== [in C:\Users\yeshw\Downloads\Compressed\backend_primetrade_ai\src\backend\utils\logging_config.py:34]
2026-02-05 03:26:36,284 INFO: ======================================== [in C:\Users\yeshw\Downloads\Compressed\backend_primetrade_ai\src\backend\utils\logging_config.py:34]
2026-02-05 03:26:36,284 INFO: ======================================== [in C:\Users\yeshw\Downloads\Compressed\backend_primetrade_ai\src\backend\utils\logging_config.py:34]
2026-02-05 03:26:36,763 INFO: New user registered: wrong_pass@example.com [in C:\Users\yeshw\Downloads\Compressed\backend_primetrade_ai\src\backend\routes\auth.py:42]
2026-02-05 03:26:36,763 INFO: New user registered: wrong_pass@example.com [in C:\Users\yeshw\Downloads\Compressed\backend_primetrade_ai\src\backend\routes\auth.py:42]
2026-02-05 03:26:36,763 INFO: New user registered: wrong_pass@example.com [in C:\Users\yeshw\Downloads\Compressed\backend_primetrade_ai\src\backend\routes\auth.py:42]
2026-02-05 03:26:36,763 INFO: New user registered: wrong_pass@example.com [in C:\Users\yeshw\Downloads\Compressed\backend_primetrade_ai\src\backend\routes\auth.py:42]
2026-02-05 03:26:36,763 INFO: New user registered: wrong_pass@example.com [in C:\Users\yeshw\Downloads\Compressed\backend_primetrade_ai\src\backend\routes\auth.py:42]
2026-02-05 03:26:36,763 INFO: New user registered: wrong_pass@example.com [in C:\Users\yeshw\Downloads\Compressed\backend_primetrade_ai\src\backend\routes\auth.py:42]
2026-02-05 03:26:36,763 INFO: New user registered: wrong_pass@example.com [in C:\Users\yeshw\Downloads\Compressed\backend_primetrade_ai\src\backend\routes\auth.py:42]
2026-02-05 03:26:37,000 WARNING: Failed login attempt for email: wrong_pass@example.com [in C:\Users\yeshw\Downloads\Compressed\backend_primetrade_ai\src\backend\routes\auth.py:78]
2026-02-05 03:26:37,000 WARNING: Failed login attempt for email: wrong_pass@example.com [in C:\Users\yeshw\Downloads\Compressed\backend_primetrade_ai\src\backend\routes\auth.py:78]
2026-02-05 03:26:37,000 WARNING: Failed login attempt for email: wrong_pass@example.com [in C:\Users\yeshw\Downloads\Compressed\backend_primetrade_ai\src\backend\routes\auth.py:78]
2026-02-05 03:26:37,000 WARNING: Failed login attempt for email: wrong_pass@example.com [in C:\Users\yeshw\Downloads\Compressed\backend_primetrade_ai\src\backend\routes\auth.py:78]
2026-02-05 03:26:37,000 WARNING: Failed login attempt for email: wrong_pass@example.com [in C:\Users\yeshw\Downloads\Compressed\backend_primetrade_ai\src\backend\routes\auth.py:78]
2026-02-05 03:26:37,000 WARNING: Failed login attempt for email: wrong_pass@example.com [in C:\Users\yeshw\Downloads\Compressed\backend_primetrade_ai\src\backend\routes\auth.py:78]
2026-02-05 03:26:37,000 WARNING: Failed login attempt for email: wrong_pass@example.com [in C:\Users\yeshw\Downloads\Compressed\backend_primetrade_ai\src\backend\routes\auth.py:78]
2026-02-05 03:27:46,634 INFO: ======================================== [in C:\Users\yeshw\Downloads\Compressed\backend_primetrade_ai\src\backend\utils\logging_config.py:32]
2026-02-05 03:27:46,642 INFO: ======================================== [in C:\Users\yeshw\Downloads\Compressed\backend_primetrade_ai\src\backend\utils\logging_config.py:34]
2026-02-05 03:27:46,912 INFO: ======================================== [in C:\Users\yeshw\Downloads\Compressed\backend_primetrade_ai\src\backend\utils\logging_config.py:32]
2026-02-05 03:27:46,912 INFO: ======================================== [in C:\Users\yeshw\Downloads\Compressed\backend_primetrade_ai\src\backend\utils\logging_config.py:32]
2026-02-05 03:27:46,916 INFO: ======================================== [in C:\Users\yeshw\Downloads\Compressed\backend_primetrade_ai\src\backend\utils\logging_config.py:34]
2026-02-05 03:27:46,916 INFO: ======================================== [in C:\Users\yeshw\Downloads\Compressed\backend_primetrade_ai\src\backend\utils\logging_config.py:34]
2026-02-05 03:27:47,171 INFO: ======================================== [in C:\Users\yeshw\Downloads\Compressed\backend_primetrade_ai\src\backend\utils\logging_config.py:32]
2026-02-05 03:27:47,171 INFO: ======================================== [in C:\Users\yeshw\Downloads\Compressed\backend_primetrade_ai\src\backend\utils\logging_config.py:32]
2026-02-05 03:27:47,171 INFO: ======================================== [in C:\Users\yeshw\Downloads\Compressed\backend_primetrade_ai\src\backend\utils\logging_config.py:32]
2026-02-05 03:27:47,178 INFO: ======================================== [in C:\Users\yeshw\Downloads\Compressed\backend_primetrade_ai\src\backend\utils\logging_config.py:34]
2026-02-05 03:27:47,178 INFO: ======================================== [in C:\Users\yeshw\Downloads\Compressed\backend_primetrade_ai\src\backend\utils\logging_config.py:34]
2026-02-05 03:27:47,178 INFO: ======================================== [in C:\Users\yeshw\Downloads\Compressed\backend_primetrade_ai\src\backend\utils\logging_config.py:34]
2026-02-05 03:27:47,689 INFO: New user registered: test_user@example.com [in C:\Users\yeshw\Downloads\Compressed\backend_primetrade_ai\src\backend\routes\auth.py:42]
2026-02-05 03:27:47,689 INFO: New user registered: test_user@example.com [in C:\Users\yeshw\Downloads\Compressed\backend_primetrade_ai\src\backend\routes\auth.py:42]
2026-02-05 03:27:47,689 INFO: New user registered: test_user@example.com [in C:\Users\yeshw\Downloads\Compressed\backend_primetrade_ai\src\backend\routes\auth.py:42]
2026-02-05 03:27:47,699 INFO: ======================================== [in C:\Users\yeshw\Downloads\Compressed\backend_primetrade_ai\src\backend\utils\logging_config.py:32]
2026-02-05 03:27:47,699 INFO: ======================================== [in C:\Users\yeshw\Downloads\Compressed\backend_primetrade_ai\src\backend\utils\logging_config.py:32]
2026-02-05 03:27:47,699 INFO: ======================================== [in C:\Users\yeshw\Downloads\Compressed\backend_primetrade_ai\src\backend\utils\logging_config.py:32]
2026-02-05 03:27:47,699 INFO: ======================================== [in C:\Users\yeshw\Downloads\Compressed\backend_primetrade_ai\src\backend\utils\logging_config.py:32]
2026-02-05 03:27:47,706 INFO: ======================================== [in C:\Users\yeshw\Downloads\Compressed\backend_primetrade_ai\src\backend\utils\logging_config.py:34]
2026-02-05 03:27:47,706 INFO: ======================================== [in C:\Users\yeshw\Downloads\Compressed\backend_primetrade_ai\src\backend\utils\logging_config.py:34]
2026-02-05 03:27:47,706 INFO: ======================================== [in C:\Users\yeshw\Downloads\Compressed\backend_primetrade_ai\src\backend\utils\logging_config.py:34]
2026-02-05 03:27:47,706 INFO: ======================================== [in C:\Users\yeshw\Downloads\Compressed\backend_primetrade_ai\src\backend\utils\logging_config.py:34]
2026-02-05 03:27:47,965 INFO: ======================================== [in C:\Users\yeshw\Downloads\Compressed\backend_primetrade_ai\src\backend\utils\logging_config.py:32]
2026-02-05 03:27:47,965 INFO: ======================================== [in C:\Users\yeshw\Downloads\Compressed\backend_primetrade_ai\src\backend\utils\logging_config.py:32]
2026-02-05 03:27:47,965 INFO: ======================================== [in C:\Users\yeshw\Downloads\Compressed\backend_primetrade_ai\src\backend\utils\logging_config.py:32]
2026-02-05 03:27:47,965 INFO: ======================================== [in C:\Users\yeshw\Downloads\Compressed\backend_primetrade_ai\src\backend\utils\logging_config.py:32]
2026-02-05 03:27:47,965 INFO: ======================================== [in C:\Users\yeshw\Downloads\Compressed\backend_primetrade_ai\src\backend\utils\logging_config.py:32]
2026-02-05 03:27:47,978 INFO: ======================================== [in C:\Users\yeshw\Downloads\Compressed\backend_primetrade_ai\src\backend\utils\logging_config.py:34]
2026-02-05 03:27:47,978 INFO: ======================================== [in C:\Users\yeshw\Downloads\Compressed\backend_primetrade_ai\src\backend\utils\logging_config.py:34]
2026-02-05 03:27:47,978 INFO: ======================================== [in C:\Users\yeshw\Downloads\Compressed\backend_primetrade_ai\src\backend\utils\logging_config.py:34]
2026-02-05 03:27:47,978 INFO: ======================================== [in C:\Users\yeshw\Downloads\Compressed\backend_primetrade_ai\src\backend\utils\logging_config.py:34]
2026-02-05 03:27:47,978 INFO: ======================================== [in C:\Users\yeshw\Downloads\Compressed\backend_primetrade_ai\src\backend\utils\logging_config.py:34]
2026-02-05 03:27:48,483 INFO: New user registered: duplicate@example.com [in C:\Users\yeshw\Downloads\Compressed\backend_primetrade_ai\src\backend\routes\auth.py:42]
2026-02-05 03:27:48,483 INFO: New user registered: duplicate@example.com [in C:\Users\yeshw\Downloads\Compressed\backend_primetrade_ai\src\backend\routes\auth.py:42]
2026-02-05 03:27:48,483 INFO: New user registered: duplicate@example.com [in C:\Users\yeshw\Downloads\Compressed\backend_primetrade_ai\src\backend\routes\auth.py:42]
2026-02-05 03:27:48,483 INFO: New user registered: duplicate@example.com [in C:\Users\yeshw\Downloads\Compressed\backend_primetrade_ai\src\backend\routes\auth.py:42]
2026-02-05 03:27:48,483 INFO: New user registered: duplicate@example.com [in C:\Users\yeshw\Downloads\Compressed\backend_primetrade_ai\src\backend\routes\auth.py:42]
2026-02-05 03:27:48,494 INFO: ======================================== [in C:\Users\yeshw\Downloads\Compressed\backend_primetrade_ai\src\backend\utils\logging_config.py:32]
2026-02-05 03:27:48,494 INFO: ======================================== [in C:\Users\yeshw\Downloads\Compressed\backend_primetrade_ai\src\backend\utils\logging_config.py:32]
2026-02-05 03:27:48,494 INFO: ======================================== [in C:\Users\yeshw\Downloads\Compressed\backend_primetrade_ai\src\backend\utils\logging_config.py:32]
2026-02-05 03:27:48,494 INFO: ======================================== [in C:\Users\yeshw\Downloads\Compressed\backend_primetrade_ai\src\backend\utils\logging_config.py:32]
2026-02-05 03:27:48,494 INFO: ======================================== [in C:\Users\yeshw\Downloads\Compressed\backend_primetrade_ai\src\backend\utils\logging_config.py:32]
2026-02-05 03:27:48,494 INFO: ======================================== [in C:\Users\yeshw\Downloads\Compressed\backend_primetrade_ai\src\backend\utils\logging_config.py:32]
2026-02-05 03:27:48,505 INFO: ======================================== [in C:\Users\yeshw\Downloads\Compressed\backend_primetrade_ai\src\backend\utils\logging_config.py:34]
2026-02-05 03:27:48,505 INFO: ======================================== [in C:\Users\yeshw\Downloads\Compressed\backend_primetrade_ai\src\backend\utils\logging_config.py:34]
2026-02-05 03:27:48,505 INFO: ======================================== [in C:\Users\yeshw\Downloads\Compressed\backend_primetrade_ai\src\backend\utils\logging_config.py:34]
2026-02-05 03:27:48,505 INFO: ======================================== [in C:\Users\yeshw\Downloads\Compressed\backend_primetrade_ai\src\backend\utils\logging_config.py:34]
2026-02-05 03:27:48,505 INFO: ======================================== [in C:\Users\yeshw\Downloads\Compressed\backend_primetrade_ai\src\backend\utils\logging_config.py:34]
2026-02-05 03:27:48,505 INFO: ======================================== [in C:\Users\yeshw\Downloads\Compressed\backend_primetrade_ai\src\backend\utils\logging_config.py:34]
2026-02-05 03:27:49,007 INFO: New user registered: login_test@example.com [in C:\Users\yeshw\Downloads\Compressed\backend_primetrade_ai\src\backend\routes\auth.py:42]
2026-02-05 03:27:49,007 INFO: New user registered: login_test@example.com [in C:\Users\yeshw\Downloads\Compressed\backend_primetrade_ai\src\backend\routes\auth.py:42]
2026-02-05 03:27:49,007 INFO: New user registered: login_test@example.com [in C:\Users\yeshw\Downloads\Compressed\backend_primetrade_ai\src\backend\routes\auth.py:42]
2026-02-05 03:27:49,007 INFO: New user registered: login_test@example.com [in C:\Users\yeshw\Downloads\Compressed\backend_primetrade_ai\src\backend\routes\auth.py:42]
2026-02-05 03:27:49,007 INFO: New user registered: login_test@example.com [in C:\Users\yeshw\Downloads\Compressed\backend_primetrade_ai\src\backend\routes\auth.py:42]
2026-02-05 03:27:49,007 INFO: New user registered: login_test@example.com [in C:\Users\yeshw\Downloads\Compressed\backend_primetrade_ai\src\backend\routes\auth.py:42]
2026-02-05 03:27:49,253 INFO: User login successful: login_test@example.com [in C:\Users\yeshw\Downloads\Compressed\backend_primetrade_ai\src\backend\routes\auth.py:81]
2026-02-05 03:27:49,253 INFO: User login successful: login_test@example.com [in C:\Users\yeshw\Downloads\Compressed\backend_primetrade_ai\src\backend\routes\auth.py:81]
2026-02-05 03:27:49,253 INFO: User login successful: login_test@example.com [in C:\Users\yeshw\Downloads\Compressed\backend_primetrade_ai\src\backend\routes\auth.py:81]
2026-02-05 03:27:49,253 INFO: User login successful: login_test@example.com [in C:\Users\yeshw\Downloads\Compressed\backend_primetrade_ai\src\backend\routes\auth.py:81]
2026-02-05 03:27:49,253 INFO: User login successful: login_test@example.com [in C:\Users\yeshw\Downloads\Compressed\backend_primetrade_ai\src\backend\routes\auth.py:81]
2026-02-05 03:27:49,253 INFO: User login successful: login_test@example.com [in C:\Users\yeshw\Downloads\Compressed\backend_primetrade_ai\src\backend\routes\auth.py:81]
2026-02-05 03:27:49,261 INFO: ======================================== [in C:\Users\yeshw\Downloads\Compressed\backend_primetrade_ai\src\backend\utils\logging_config.py:32]
2026-02-05 03:27:49,261 INFO: ======================================== [in C:\Users\yeshw\Downloads\Compressed\backend_primetrade_ai\src\backend\utils\logging_config.py:32]
2026-02-05 03:27:49,261 INFO: ======================================== [in C:\Users\yeshw\Downloads\Compressed\backend_primetrade_ai\src\backend\utils\logging_config.py:32]
2026-02-05 03:27:49,261 INFO: ======================================== [in C:\Users\yeshw\Downloads\Compressed\backend_primetrade_ai\src\backend\utils\logging_config.py:32]
2026-02-05 03:27:49,261 INFO: ======================================== [in C:\Users\yeshw\Downloads\Compressed\backend_primetrade_ai\src\backend\utils\logging_config.py:32]
2026-02-05 03:27:49,261 INFO: ======================================== [in C:\Users\yeshw\Downloads\Compressed\backend_primetrade_ai\src\backend\utils\logging_config.py:32]
2026-02-05 03:27:49,261 INFO: ======================================== [in C:\Users\yeshw\Downloads\Compressed\backend_primetrade_ai\src\backend\utils\logging_config.py:32]
2026-02-05 03:27:49,278 INFO: ======================================== [in C:\Users\yeshw\Downloads\Compressed\backend_primetrade_ai\src\backend\utils\logging_config.py:34]
2026-02-05 03:27:49,278 INFO: ======================================== [in C:\Users\yeshw\Downloads\Compressed\backend_primetrade_ai\src\backend\utils\logging_config.py:34]
2026-02-05 03:27:49,278 INFO: ======================================== [in C:\Users\yeshw\Downloads\Compressed\backend_primetrade_ai\src\backend\utils\logging_config.py:34]
2026-02-05 03:27:49,278 INFO: ======================================== [in C:\Users\yeshw\Downloads\Compressed\backend_primetrade_ai\src\backend\utils\logging_config.py:34]
2026-02-05 03:27:49,278 INFO: ======================================== [in C:\Users\yeshw\Downloads\Compressed\backend_primetrade_ai\src\backend\utils\logging_config.py:34]
2026-02-05 03:27:49,278 INFO: ======================================== [in C:\Users\yeshw\Downloads\Compressed\backend_primetrade_ai\src\backend\utils\logging_config.py:34]
2026-02-05 03:27:49,278 INFO: ======================================== [in C:\Users\yeshw\Downloads\Compressed\backend_primetrade_ai\src\backend\utils\logging_config.py:34]
2026-02-05 03:27:49,766 INFO: New user registered: wrong_pass@example.com [in C:\Users\yeshw\Downloads\Compressed\backend_primetrade_ai\src\backend\routes\auth.py:42]
2026-02-05 03:27:49,766 INFO: New user registered: wrong_pass@example.com [in C:\Users\yeshw\Downloads\Compressed\backend_primetrade_ai\src\backend\routes\auth.py:42]
2026-02-05 03:27:49,766 INFO: New user registered: wrong_pass@example.com [in C:\Users\yeshw\Downloads\Compressed\backend_primetrade_ai\src\backend\routes\auth.py:42]
2026-02-05 03:27:49,766 INFO: New user registered: wrong_pass@example.com [in C:\Users\yeshw\Downloads\Compressed\backend_primetrade_ai\src\backend\routes\auth.py:42]
2026-02-05 03:27:49,766 INFO: New user registered: wrong_pass@example.com [in C:\Users\yeshw\Downloads\Compressed\backend_primetrade_ai\src\backend\routes\auth.py:42]
2026-02-05 03:27:49,766 INFO: New user registered: wrong_pass@example.com [in C:\Users\yeshw\Downloads\Compressed\backend_primetrade_ai\src\backend\routes\auth.py:42]
2026-02-05 03:27:49,766 INFO: New user registered: wrong_pass@example.com [in C:\Users\yeshw\Downloads\Compressed\backend_primetrade_ai\src\backend\routes\auth.py:42]
2026-02-05 03:27:50,011 WARNING: Failed login attempt for email: wrong_pass@example.com [in C:\Users\yeshw\Downloads\Compressed\backend_primetrade_ai\src\backend\routes\auth.py:78]
2026-02-05 03:27:50,011 WARNING: Failed login attempt for email: wrong_pass@example.com [in C:\Users\yeshw\Downloads\Compressed\backend_primetrade_ai\src\backend\routes\auth.py:78]
2026-02-05 03:27:50,011 WARNING: Failed login attempt for email: wrong_pass@example.com [in C:\Users\yeshw\Downloads\Compressed\backend_primetrade_ai\src\backend\routes\auth.py:78]
2026-02-05 03:27:50,011 WARNING: Failed login attempt for email: wrong_pass@example.com [in C:\Users\yeshw\Downloads\Compressed\backend_primetrade_ai\src\backend\routes\auth.py:78]
2026-02-05 03:27:50,011 WARNING: Failed login attempt for email: wrong_pass@example.com [in C:\Users\yeshw\Downloads\Compressed\backend_primetrade_ai\src\backend\routes\auth.py:78]
2026-02-05 03:27:50,011 WARNING: Failed login attempt for email: wrong_pass@example.com [in C:\Users\yeshw\Downloads\Compressed\backend_primetrade_ai\src\backend\routes\auth.py:78]
2026-02-05 03:27:50,011 WARNING: Failed login attempt for email: wrong_pass@example.com [in C:\Users\yeshw\Downloads\Compressed\backend_primetrade_ai\src\backend\routes\auth.py:78]
2026-02-05 03:27:50,018 INFO: ======================================== [in C:\Users\yeshw\Downloads\Compressed\backend_primetrade_ai\src\backend\utils\logging_config.py:32]
2026-02-05 03:27:50,018 INFO: ======================================== [in C:\Users\yeshw\Downloads\Compressed\backend_primetrade_ai\src\backend\utils\logging_config.py:32]
2026-02-05 03:27:50,018 INFO: ======================================== [in C:\Users\yeshw\Downloads\Compressed\backend_primetrade_ai\src\backend\utils\logging_config.py:32]
2026-02-05 03:27:50,018 INFO: ======================================== [in C:\Users\yeshw\Downloads\Compressed\backend_primetrade_ai\src\backend\utils\logging_config.py:32]
2026-02-05 03:27:50,018 INFO: ======================================== [in C:\Users\yeshw\Downloads\Compressed\backend_primetrade_ai\src\backend\utils\logging_config.py:32]
2026-02-05 03:27:50,018 INFO: ======================================== [in C:\Users\yeshw\Downloads\Compressed\backend_primetrade_ai\src\backend\utils\logging_config.py:32]
2026-02-05 03:27:50,018 INFO: ======================================== [in C:\Users\yeshw\Downloads\Compressed\backend_primetrade_ai\src\backend\utils\logging_config.py:32]
2026-02-05 03:27:50,018 INFO: ======================================== [in C:\Users\yeshw\Downloads\Compressed\backend_primetrade_ai\src\backend\utils\logging_config.py:32]
2026-02-05 03:27:50,033 INFO: ======================================== [in C:\Users\yeshw\Downloads\Compressed\backend_primetrade_ai\src\backend\utils\logging_config.py:34]
2026-02-05 03:27:50,033 INFO: ======================================== [in C:\Users\yeshw\Downloads\Compressed\backend_primetrade_ai\src\backend\utils\logging_config.py:34]
2026-02-05 03:27:50,033 INFO: ======================================== [in C:\Users\yeshw\Downloads\Compressed\backend_primetrade_ai\src\backend\utils\logging_config.py:34]
2026-02-05 03:27:50,033 INFO: ======================================== [in C:\Users\yeshw\Downloads\Compressed\backend_primetrade_ai\src\backend\utils\logging_config.py:34]
2026-02-05 03:27:50,033 INFO: ======================================== [in C:\Users\yeshw\Downloads\Compressed\backend_primetrade_ai\src\backend\utils\logging_config.py:34]
2026-02-05 03:27:50,033 INFO: ======================================== [in C:\Users\yeshw\Downloads\Compressed\backend_primetrade_ai\src\backend\utils\logging_config.py:34]
2026-02-05 03:27:50,033 INFO: ======================================== [in C:\Users\yeshw\Downloads\Compressed\backend_primetrade_ai\src\backend\utils\logging_config.py:34]
2026-02-05 03:27:50,033 INFO: ======================================== [in C:\Users\yeshw\Downloads\Compressed\backend_primetrade_ai\src\backend\utils\logging_config.py:34]
2026-02-05 03:27:50,550 INFO: New user registered: task_tester@example.com [in C:\Users\yeshw\Downloads\Compressed\backend_primetrade_ai\src\backend\routes\auth.py:42]
2026-02-05 03:27:50,550 INFO: New user registered: task_tester@example.com [in C:\Users\yeshw\Downloads\Compressed\backend_primetrade_ai\src\backend\routes\auth.py:42]
2026-02-05 03:27:50,550 INFO: New user registered: task_tester@example.com [in C:\Users\yeshw\Downloads\Compressed\backend_primetrade_ai\src\backend\routes\auth.py:42]
2026-02-05 03:27:50,550 INFO: New user registered: task_tester@example.com [in C:\Users\yeshw\Downloads\Compressed\backend_primetrade_ai\src\backend\routes\auth.py:42]
2026-02-05 03:27:50,550 INFO: New user registered: task_tester@example.com [in C:\Users\yeshw\Downloads\Compressed\backend_primetrade_ai\src\backend\routes\auth.py:42]
2026-02-05 03:27:50,550 INFO: New user registered: task_tester@example.com [in C:\Users\yeshw\Downloads\Compressed\backend_primetrade_ai\src\backend\routes\auth.py:42]
2026-02-05 03:27:50,550 INFO: New user registered: task_tester@example.com [in C:\Users\yeshw\Downloads\Compressed\backend_primetrade_ai\src\backend\routes\auth.py:42]
2026-02-05 03:27:50,550 INFO: New user registered: task_tester@example.com [in C:\Users\yeshw\Downloads\Compressed\backend_primetrade_ai\src\backend\routes\auth.py:42]
2026-02-05 03:27:50,785 INFO: User login successful: task_tester@example.com [in C:\Users\yeshw\Downloads\Compressed\backend_primetrade_ai\src\backend\routes\auth.py:81]
2026-02-05 03:27:50,785 INFO: User login successful: task_tester@example.com [in C:\Users\yeshw\Downloads\Compressed\backend_primetrade_ai\src\backend\routes\auth.py:81]
2026-02-05 03:27:50,785 INFO: User login successful: task_tester@example.com [in C:\Users\yeshw\Downloads\Compressed\backend_primetrade_ai\src\backend\routes\auth.py:81]
2026-02-05 03:27:50,785 INFO: User login successful: task_tester@example.com [in C:\Users\yeshw\Downloads\Compressed\backend_primetrade_ai\src\backend\routes\auth.py:81]
2026-02-05 03:27:50,785 INFO: User login successful: task_tester@example.com [in C:\Users\yeshw\Downloads\Compressed\backend_primetrade_ai\src\backend\routes\auth.py:81]
2026-02-05 03:27:50,785 INFO: User login successful: task_tester@example.com [in C:\Users\yeshw\Downloads\Compressed\backend_primetrade_ai\src\backend\routes\auth.py:81]
2026-02-05 03:27:50,785 INFO: User login successful: task_tester@example.com [in C:\Users\yeshw\Downloads\Compressed\backend_primetrade_ai\src\backend\routes\auth.py:81]
2026-02-05 03:27:50,785 INFO: User login successful: task_tester@example.com [in C:\Users\yeshw\Downloads\Compressed\backend_primetrade_ai\src\backend\routes\auth.py:81]
2026-02-05 03:28:21,255 INFO: ======================================== [in C:\Users\yeshw\Downloads\Compressed\backend_primetrade_ai\src\backend\utils\logging_config.py:32]
2026-02-05 03:28:21,263 INFO: ======================================== [in C:\Users\yeshw\Downloads\Compressed\backend_primetrade_ai\src\backend\utils\logging_config.py:34]
2026-02-05 03:28:21,557 INFO: ======================================== [in C:\Users\yeshw\Downloads\Compressed\backend_primetrade_ai\src\backend\utils\logging_config.py:32]
2026-02-05 03:28:21,557 INFO: ======================================== [in C:\Users\yeshw\Downloads\Compressed\backend_primetrade_ai\src\backend\utils\logging_config.py:32]
2026-02-05 03:28:21,561 INFO: ======================================== [in C:\Users\yeshw\Downloads\Compressed\backend_primetrade_ai\src\backend\utils\logging_config.py:34]
2026-02-05 03:28:21,561 INFO: ======================================== [in C:\Users\yeshw\Downloads\Compressed\backend_primetrade_ai\src\backend\utils\logging_config.py:34]
2026-02-05 03:28:21,816 INFO: ======================================== [in C:\Users\yeshw\Downloads\Compressed\backend_primetrade_ai\src\backend\utils\logging_config.py:32]
2026-02-05 03:28:21,816 INFO: ======================================== [in C:\Users\yeshw\Downloads\Compressed\backend_primetrade_ai\src\backend\utils\logging_config.py:32]
2026-02-05 03:28:21,816 INFO: ======================================== [in C:\Users\yeshw\Downloads\Compressed\backend_primetrade_ai\src\backend\utils\logging_config.py:32]
2026-02-05 03:28:21,823 INFO: ======================================== [in C:\Users\yeshw\Downloads\Compressed\backend_primetrade_ai\src\backend\utils\logging_config.py:34]
2026-02-05 03:28:21,823 INFO: ======================================== [in C:\Users\yeshw\Downloads\Compressed\backend_primetrade_ai\src\backend\utils\logging_config.py:34]
2026-02-05 03:28:21,823 INFO: ======================================== [in C:\Users\yeshw\Downloads\Compressed\backend_primetrade_ai\src\backend\utils\logging_config.py:34]
2026-02-05 03:28:22,321 INFO: New user registered: test_user@example.com [in C:\Users\yeshw\Downloads\Compressed\backend_primetrade_ai\src\backend\routes\auth.py:42]
2026-02-05 03:28:22,321 INFO: New user registered: test_user@example.com [in C:\Users\yeshw\Downloads\Compressed\backend_primetrade_ai\src\backend\routes\auth.py:42]
2026-02-05 03:28:22,321 INFO: New user registered: test_user@example.com [in C:\Users\yeshw\Downloads\Compressed\backend_primetrade_ai\src\backend\routes\auth.py:42]
2026-02-05 03:28:22,331 INFO: ======================================== [in C:\Users\yeshw\Downloads\Compressed\backend_primetrade_ai\src\backend\utils\logging_config.py:32]
2026-02-05 03:28:22,331 INFO: ======================================== [in C:\Users\yeshw\Downloads\Compressed\backend_primetrade_ai\src\backend\utils\logging_config.py:32]
2026-02-05 03:28:22,331 INFO: ======================================== [in C:\Users\yeshw\Downloads\Compressed\backend_primetrade_ai\src\backend\utils\logging_config.py:32]
2026-02-05 03:28:22,331 INFO: ======================================== [in C:\Users\yeshw\Downloads\Compressed\backend_primetrade_ai\src\backend\utils\logging_config.py:32]
2026-02-05 03:28:22,338 INFO: ======================================== [in C:\Users\yeshw\Downloads\Compressed\backend_primetrade_ai\src\backend\utils\logging_config.py:34]
2026-02-05 03:28:22,338 INFO: ======================================== [in C:\Users\yeshw\Downloads\Compressed\backend_primetrade_ai\src\backend\utils\logging_config.py:34]
2026-02-05 03:28:22,338 INFO: ======================================== [in C:\Users\yeshw\Downloads\Compressed\backend_primetrade_ai\src\backend\utils\logging_config.py:34]
2026-02-05 03:28:22,338 INFO: ======================================== [in C:\Users\yeshw\Downloads\Compressed\backend_primetrade_ai\src\backend\utils\logging_config.py:34]
2026-02-05 03:28:22,590 INFO: ======================================== [in C:\Users\yeshw\Downloads\Compressed\backend_primetrade_ai\src\backend\utils\logging_config.py:32]
2026-02-05 03:28:22,590 INFO: ======================================== [in C:\Users\yeshw\Downloads\Compressed\backend_primetrade_ai\src\backend\utils\logging_config.py:32]
2026-02-05 03:28:22,590 INFO: ======================================== [in C:\Users\yeshw\Downloads\Compressed\backend_primetrade_ai\src\backend\utils\logging_config.py:32]
2026-02-05 03:28:22,590 INFO: ======================================== [in C:\Users\yeshw\Downloads\Compressed\backend_primetrade_ai\src\backend\utils\logging_config.py:32]
2026-02-05 03:28:22,590 INFO: ======================================== [in C:\Users\yeshw\Downloads\Compressed\backend_primetrade_ai\src\backend\utils\logging_config.py:32]
2026-02-05 03:28:22,600 INFO: ======================================== [in C:\Users\yeshw\Downloads\Compressed\backend_primetrade_ai\src\backend\utils\logging_config.py:34]
2026-02-05 03:28:22,600 INFO: ======================================== [in C:\Users\yeshw\Downloads\Compressed\backend_primetrade_ai\src\backend\utils\logging_config.py:34]
2026-02-05 03:28:22,600 INFO: ======================================== [in C:\Users\yeshw\Downloads\Compressed\backend_primetrade_ai\src\backend\utils\logging_config.py:34]
2026-02-05 03:28:22,600 INFO: ======================================== [in C:\Users\yeshw\Downloads\Compressed\backend_primetrade_ai\src\backend\utils\logging_config.py:34]
2026-02-05 03:28:22,600 INFO: ======================================== [in C:\Users\yeshw\Downloads\Compressed\backend_primetrade_ai\src\backend\utils\logging_config.py:34]
2026-02-05 03:28:23,091 INFO: New user registered: duplicate@example.com [in C:\Users\yeshw\Downloads\Compressed\backend_primetrade_ai\src\backend\routes\auth.py:42]
2026-02-05 03:28:23,091 INFO: New user registered: duplicate@example.com [in C:\Users\yeshw\Downloads\Compressed\backend_primetrade_ai\src\backend\routes\auth.py:42]
2026-02-05 03:28:23,091 INFO: New user registered: duplicate@example.com [in C:\Users\yeshw\Downloads\Compressed\backend_primetrade_ai\src\backend\routes\auth.py:42]
2026-02-05 03:28:23,091 INFO: New user registered: duplicate@example.com [in C:\Users\yeshw\Downloads\Compressed\backend_primetrade_ai\src\backend\routes\auth.py:42]
2026-02-05 03:28:23,091 INFO: New user registered: duplicate@example.com [in C:\Users\yeshw\Downloads\Compressed\backend_primetrade_ai\src\backend\routes\auth.py:42]
2026-02-05 03:28:23,101 INFO: ======================================== [in C:\Users\yeshw\Downloads\Compressed\backend_primetrade_ai\src\backend\utils\logging_config.py:32]
2026-02-05 03:28:23,101 INFO: ======================================== [in C:\Users\yeshw\Downloads\Compressed\backend_primetrade_ai\src\backend\utils\logging_config.py:32]
2026-02-05 03:28:23,101 INFO: ======================================== [in C:\Users\yeshw\Downloads\Compressed\backend_primetrade_ai\src\backend\utils\logging_config.py:32]
2026-02-05 03:28:23,101 INFO: ======================================== [in C:\Users\yeshw\Downloads\Compressed\backend_primetrade_ai\src\backend\utils\logging_config.py:32]
2026-02-05 03:28:23,101 INFO: ======================================== [in C:\Users\yeshw\Downloads\Compressed\backend_primetrade_ai\src\backend\utils\logging_config.py:32]
2026-02-05 03:28:23,101 INFO: ======================================== [in C:\Users\yeshw\Downloads\Compressed\backend_primetrade_ai\src\backend\utils\logging_config.py:32]
2026-02-05 03:28:23,115 INFO: ======================================== [in C:\Users\yeshw\Downloads\Compressed\backend_primetrade_ai\src\backend\utils\logging_config.py:34]
2026-02-05 03:28:23,115 INFO: ======================================== [in C:\Users\yeshw\Downloads\Compressed\backend_primetrade_ai\src\backend\utils\logging_config.py:34]
2026-02-05 03:28:23,115 INFO: ======================================== [in C:\Users\yeshw\Downloads\Compressed\backend_primetrade_ai\src\backend\utils\logging_config.py:34]
2026-02-05 03:28:23,115 INFO: ======================================== [in C:\Users\yeshw\Downloads\Compressed\backend_primetrade_ai\src\backend\utils\logging_config.py:34]
2026-02-05 03:28:23,115 INFO: ======================================== [in C:\Users\yeshw\Downloads\Compressed\backend_primetrade_ai\src\backend\utils\logging_config.py:34]
2026-02-05 03:28:23,115 INFO: ======================================== [in C:\Users\yeshw\Downloads\Compressed\backend_primetrade_ai\src\backend\utils\logging_config.py:34]
2026-02-05 03:28:23,602 INFO: New user registered: login_test@example.com [in C:\Users\yeshw\Downloads\Compressed\backend_primetrade_ai\src\backend\routes\auth.py:42]
2026-02-05 03:28:23,602 INFO: New user registered: login_test@example.com [in C:\Users\yeshw\Downloads\Compressed\backend_primetrade_ai\src\backend\routes\auth.py:42]
2026-02-05 03:28:23,602 INFO: New user registered: login_test@example.com [in C:\Users\yeshw\Downloads\Compressed\backend_primetrade_ai\src\backend\routes\auth.py:42]
2026-02-05 03:28:23,602 INFO: New user registered: login_test@example.com [in C:\Users\yeshw\Downloads\Compressed\backend_primetrade_ai\src\backend\routes\auth.py:42]
2026-02-05 03:28:23,602 INFO: New user registered: login_test@example.com [in C:\Users\yeshw\Downloads\Compressed\backend_primetrade_ai\src\backend\routes\auth.py:42]
2026-02-05 03:28:23,602 INFO: New user registered: login_test@example.com [in C:\Users\yeshw\Downloads\Compressed\backend_primetrade_ai\src\backend\routes\auth.py:42]
2026-02-05 03:28:23,840 INFO: User login successful: login_test@example.com [in C:\Users\yeshw\Downloads\Compressed\backend_primetrade_ai\src\backend\routes\auth.py:81]
2026-02-05 03:28:23,840 INFO: User login successful: login_test@example.com [in C:\Users\yeshw\Downloads\Compressed\backend_primetrade_ai\src\backend\routes\auth.py:81]
2026-02-05 03:28:23,840 INFO: User login successful: login_test@example.com [in C:\Users\yeshw\Downloads\Compressed\backend_primetrade_ai\src\backend\routes\auth.py:81]
2026-02-05 03:28:23,840 INFO: User login successful: login_test@example.com [in C:\Users\yeshw\Downloads\Compressed\backend_primetrade_ai\src\backend\routes\auth.py:81]
2026-02-05 03:28:23,840 INFO: User login successful: login_test@example.com [in C:\Users\yeshw\Downloads\Compressed\backend_primetrade_ai\src\backend\routes\auth.py:81]
2026-02-05 03:28:23,840 INFO: User login successful: login_test@example.com [in C:\Users\yeshw\Downloads\Compressed\backend_primetrade_ai\src\backend\routes\auth.py:81]
2026-02-05 03:28:23,848 INFO: ======================================== [in C:\Users\yeshw\Downloads\Compressed\backend_primetrade_ai\src\backend\utils\logging_config.py:32]
2026-02-05 03:28:23,848 INFO: ======================================== [in C:\Users\yeshw\Downloads\Compressed\backend_primetrade_ai\src\backend\utils\logging_config.py:32]
2026-02-05 03:28:23,848 INFO: ======================================== [in C:\Users\yeshw\Downloads\Compressed\backend_primetrade_ai\src\backend\utils\logging_config.py:32]
2026-02-05 03:28:23,848 INFO: ======================================== [in C:\Users\yeshw\Downloads\Compressed\backend_primetrade_ai\src\backend\utils\logging_config.py:32]
2026-02-05 03:28:23,848 INFO: ======================================== [in C:\Users\yeshw\Downloads\Compressed\backend_primetrade_ai\src\backend\utils\logging_config.py:32]
2026-02-05 03:28:23,848 INFO: ======================================== [in C:\Users\yeshw\Downloads\Compressed\backend_primetrade_ai\src\backend\utils\logging_config.py:32]
2026-02-05 03:28:23,848 INFO: ======================================== [in C:\Users\yeshw\Downloads\Compressed\backend_primetrade_ai\src\backend\utils\logging_config.py:32]
2026-02-05 03:28:23,862 INFO: ======================================== [in C:\Users\yeshw\Downloads\Compressed\backend_primetrade_ai\src\backend\utils\logging_config.py:34]
2026-02-05 03:28:23,862 INFO: ======================================== [in C:\Users\yeshw\Downloads\Compressed\backend_primetrade_ai\src\backend\utils\logging_config.py:34]
2026-02-05 03:28:23,862 INFO: ======================================== [in C:\Users\yeshw\Downloads\Compressed\backend_primetrade_ai\src\backend\utils\logging_config.py:34]
2026-02-05 03:28:23,862 INFO: ======================================== [in C:\Users\yeshw\Downloads\Compressed\backend_primetrade_ai\src\backend\utils\logging_config.py:34]
2026-02-05 03:28:23,862 INFO: ======================================== [in C:\Users\yeshw\Downloads\Compressed\backend_primetrade_ai\src\backend\utils\logging_config.py:34]
2026-02-05 03:28:23,862 INFO: ======================================== [in C:\Users\yeshw\Downloads\Compressed\backend_primetrade_ai\src\backend\utils\logging_config.py:34]
2026-02-05 03:28:23,862 INFO: ======================================== [in C:\Users\yeshw\Downloads\Compressed\backend_primetrade_ai\src\backend\utils\logging_config.py:34]
2026-02-05 03:28:24,370 INFO: New user registered: wrong_pass@example.com [in C:\Users\yeshw\Downloads\Compressed\backend_primetrade_ai\src\backend\routes\auth.py:42]
2026-02-05 03:28:24,370 INFO: New user registered: wrong_pass@example.com [in C:\Users\yeshw\Downloads\Compressed\backend_primetrade_ai\src\backend\routes\auth.py:42]
2026-02-05 03:28:24,370 INFO: New user registered: wrong_pass@example.com [in C:\Users\yeshw\Downloads\Compressed\backend_primetrade_ai\src\backend\routes\auth.py:42]
2026-02-05 03:28:24,370 INFO: New user registered: wrong_pass@example.com [in C:\Users\yeshw\Downloads\Compressed\backend_primetrade_ai\src\backend\routes\auth.py:42]
2026-02-05 03:28:24,370 INFO: New user registered: wrong_pass@example.com [in C:\Users\yeshw\Downloads\Compressed\backend_primetrade_ai\src\backend\routes\auth.py:42]
2026-02-05 03:28:24,370 INFO: New user registered: wrong_pass@example.com [in C:\Users\yeshw\Downloads\Compressed\backend_primetrade_ai\src\backend\routes\auth.py:42]
2026-02-05 03:28:24,370 INFO: New user registered: wrong_pass@example.com [in C:\Users\yeshw\Downloads\Compressed\backend_primetrade_ai\src\backend\routes\auth.py:42]
2026-02-05 03:28:24,622 WARNING: Failed login attempt for email: wrong_pass@example.com [in C:\Users\yeshw\Downloads\Compressed\backend_primetrade_ai\src\backend\routes\auth.py:78]
2026-02-05 03:28:24,622 WARNING: Failed login attempt for email: wrong_pass@example.com [in C:\Users\yeshw\Downloads\Compressed\backend_primetrade_ai\src\backend\routes\auth.py:78]
2026-02-05 03:28:24,622 WARNING: Failed login attempt for email: wrong_pass@example.com [in C:\Users\yeshw\Downloads\Compressed\backend_primetrade_ai\src\backend\routes\auth.py:78]
2026-02-05 03:28:24,622 WARNING: Failed login attempt for email: wrong_pass@example.com [in C:\Users\yeshw\Downloads\Compressed\backend_primetrade_ai\src\backend\routes\auth.py:78]
2026-02-05 03:28:24,622 WARNING: Failed login attempt for email: wrong_pass@example.com [in C:\Users\yeshw\Downloads\Compressed\backend_primetrade_ai\src\backend\routes\auth.py:78]
2026-02-05 03:28:24,622 WARNING: Failed login attempt for email: wrong_pass@example.com [in C:\Users\yeshw\Downloads\Compressed\backend_primetrade_ai\src\backend\routes\auth.py:78]
2026-02-05 03:28:24,622 WARNING: Failed login attempt for email: wrong_pass@example.com [in C:\Users\yeshw\Downloads\Compressed\backend_primetrade_ai\src\backend\routes\auth.py:78]
2026-02-05 03:28:24,631 INFO: ======================================== [in C:\Users\yeshw\Downloads\Compressed\backend_primetrade_ai\src\backend\utils\logging_config.py:32]
2026-02-05 03:28:24,631 INFO: ======================================== [in C:\Users\yeshw\Downloads\Compressed\backend_primetrade_ai\src\backend\utils\logging_config.py:32]
2026-02-05 03:28:24,631 INFO: ======================================== [in C:\Users\yeshw\Downloads\Compressed\backend_primetrade_ai\src\backend\utils\logging_config.py:32]
2026-02-05 03:28:24,631 INFO: ======================================== [in C:\Users\yeshw\Downloads\Compressed\backend_primetrade_ai\src\backend\utils\logging_config.py:32]
2026-02-05 03:28:24,631 INFO: ======================================== [in C:\Users\yeshw\Downloads\Compressed\backend_primetrade_ai\src\backend\utils\logging_config.py:32]
2026-02-05 03:28:24,631 INFO: ======================================== [in C:\Users\yeshw\Downloads\Compressed\backend_primetrade_ai\src\backend\utils\logging_config.py:32]
2026-02-05 03:28:24,631 INFO: ======================================== [in C:\Users\yeshw\Downloads\Compressed\backend_primetrade_ai\src\backend\utils\logging_config.py:32]
2026-02-05 03:28:24,631 INFO: ======================================== [in C:\Users\yeshw\Downloads\Compressed\backend_primetrade_ai\src\backend\utils\logging_config.py:32]
2026-02-05 03:28:24,649 INFO: ======================================== [in C:\Users\yeshw\Downloads\Compressed\backend_primetrade_ai\src\backend\utils\logging_config.py:34]
2026-02-05 03:28:24,649 INFO: ======================================== [in C:\Users\yeshw\Downloads\Compressed\backend_primetrade_ai\src\backend\utils\logging_config.py:34]
2026-02-05 03:28:24,649 INFO: ======================================== [in C:\Users\yeshw\Downloads\Compressed\backend_primetrade_ai\src\backend\utils\logging_config.py:34]
2026-02-05 03:28:24,649 INFO: ======================================== [in C:\Users\yeshw\Downloads\Compressed\backend_primetrade_ai\src\backend\utils\logging_config.py:34]
2026-02-05 03:28:24,649 INFO: ======================================== [in C:\Users\yeshw\Downloads\Compressed\backend_primetrade_ai\src\backend\utils\logging_config.py:34]
2026-02-05 03:28:24,649 INFO: ======================================== [in C:\Users\yeshw\Downloads\Compressed\backend_primetrade_ai\src\backend\utils\logging_config.py:34]
2026-02-05 03:28:24,649 INFO: ======================================== [in C:\Users\yeshw\Downloads\Compressed\backend_primetrade_ai\src\backend\utils\logging_config.py:34]
2026-02-05 03:28:24,649 INFO: ======================================== [in C:\Users\yeshw\Downloads\Compressed\backend_primetrade_ai\src\backend\utils\logging_config.py:34]
2026-02-05 03:28:25,151 INFO: New user registered: task_tester@example.com [in C:\Users\yeshw\Downloads\Compressed\backend_primetrade_ai\src\backend\routes\auth.py:42]
2026-02-05 03:28:25,151 INFO: New user registered: task_tester@example.com [in C:\Users\yeshw\Downloads\Compressed\backend_primetrade_ai\src\backend\routes\auth.py:42]
2026-02-05 03:28:25,151 INFO: New user registered: task_tester@example.com [in C:\Users\yeshw\Downloads\Compressed\backend_primetrade_ai\src\backend\routes\auth.py:42]
2026-02-05 03:28:25,151 INFO: New user registered: task_tester@example.com [in C:\Users\yeshw\Downloads\Compressed\backend_primetrade_ai\src\backend\routes\auth.py:42]
2026-02-05 03:28:25,151 INFO: New user registered: task_tester@example.com [in C:\Users\yeshw\Downloads\Compressed\backend_primetrade_ai\src\backend\routes\auth.py:42]
2026-02-05 03:28:25,151 INFO: New user registered: task_tester@example.com [in C:\Users\yeshw\Downloads\Compressed\backend_primetrade_ai\src\backend\routes\auth.py:42]
2026-02-05 03:28:25,151 INFO: New user registered: task_tester@example.com [in C:\Users\yeshw\Downloads\Compressed\backend_primetrade_ai\src\backend\routes\auth.py:42]
2026-02-05 03:28:25,151 INFO: New user registered: task_tester@example.com [in C:\Users\yeshw\Downloads\Compressed\backend_primetrade_ai\src\backend\routes\auth.py:42]
2026-02-05 03:28:25,394 INFO: User login successful: task_tester@example.com [in C:\Users\yeshw\Downloads\Compressed\backend_primetrade_ai\src\backend\routes\auth.py:81]
2026-02-05 03:28:25,394 INFO: User login successful: task_tester@example.com [in C:\Users\yeshw\Downloads\Compressed\backend_primetrade_ai\src\backend\routes\auth.py:81]
2026-02-05 03:28:25,394 INFO: User login successful: task_tester@example.com [in C:\Users\yeshw\Downloads\Compressed\backend_primetrade_ai\src\backend\routes\auth.py:81]
2026-02-05 03:28:25,394 INFO: User login successful: task_tester@example.com [in C:\Users\yeshw\Downloads\Compressed\backend_primetrade_ai\src\backend\routes\auth.py:81]
2026-02-05 03:28:25,394 INFO: User login successful: task_tester@example.com [in C:\Users\yeshw\Downloads\Compressed\backend_primetrade_ai\src\backend\routes\auth.py:81]
2026-02-05 03:28:25,394 INFO: User login successful: task_tester@example.com [in C:\Users\yeshw\Downloads\Compressed\backend_primetrade_ai\src\backend\routes\auth.py:81]
2026-02-05 03:28:25,394 INFO: User login successful: task_tester@example.com [in C:\Users\yeshw\Downloads\Compressed\backend_primetrade_ai\src\backend\routes\auth.py:81]
2026-02-05 03:28:25,394 INFO: User login successful: task_tester@example.com [in C:\Users\yeshw\Downloads\Compressed\backend_primetrade_ai\src\backend\routes\auth.py:81]
2026-02-05 03:28:25,401 INFO: Task created: ID 1 by User 2 [in C:\Users\yeshw\Downloads\Compressed\backend_primetrade_ai\src\backend\routes\tasks.py:49]
2026-02-05 03:28:25,401 INFO: Task created: ID 1 by User 2 [in C:\Users\yeshw\Downloads\Compressed\backend_primetrade_ai\src\backend\routes\tasks.py:49]
2026-02-05 03:28:25,401 INFO: Task created: ID 1 by User 2 [in C:\Users\yeshw\Downloads\Compressed\backend_primetrade_ai\src\backend\routes\tasks.py:49]
2026-02-05 03:28:25,401 INFO: Task created: ID 1 by User 2 [in C:\Users\yeshw\Downloads\Compressed\backend_primetrade_ai\src\backend\routes\tasks.py:49]
2026-02-05 03:28:25,401 INFO: Task created: ID 1 by User 2 [in C:\Users\yeshw\Downloads\Compressed\backend_primetrade_ai\src\backend\routes\tasks.py:49]
2026-02-05 03:28:25,401 INFO: Task created: ID 1 by User 2 [in C:\Users\yeshw\Downloads\Compressed\backend_primetrade_ai\src\backend\routes\tasks.py:49]
2026-02-05 03:28:25,401 INFO: Task created: ID 1 by User 2 [in C:\Users\yeshw\Downloads\Compressed\backend_primetrade_ai\src\backend\routes\tasks.py:49]
2026-02-05 03:28:25,401 INFO: Task created: ID 1 by User 2 [in C:\Users\yeshw\Downloads\Compressed\backend_primetrade_ai\src\backend\routes\tasks.py:49]
2026-02-05 03:28:25,419 INFO: Task deleted: ID 1 by User 2 [in C:\Users\yeshw\Downloads\Compressed\backend_primetrade_ai\src\backend\routes\tasks.py:155]
2026-02-05 03:28:25,419 INFO: Task deleted: ID 1 by User 2 [in C:\Users\yeshw\Downloads\Compressed\backend_primetrade_ai\src\backend\routes\tasks.py:155]
2026-02-05 03:28:25,419 INFO: Task deleted: ID 1 by User 2 [in C:\Users\yeshw\Downloads\Compressed\backend_primetrade_ai\src\backend\routes\tasks.py:155]
2026-02-05 03:28:25,419 INFO: Task deleted: ID 1 by User 2 [in C:\Users\yeshw\Downloads\Compressed\backend_primetrade_ai\src\backend\routes\tasks.py:155]
2026-02-05 03:28:25,419 INFO: Task deleted: ID 1 by User 2 [in C:\Users\yeshw\Downloads\Compressed\backend_primetrade_ai\src\backend\routes\tasks.py:155]
2026-02-05 03:28:25,419 INFO: Task deleted: ID 1 by User 2 [in C:\Users\yeshw\Downloads\Compressed\backend_primetrade_ai\src\backend\routes\tasks.py:155]
2026-02-05 03:28:25,419 INFO: Task deleted: ID 1 by User 2 [in C:\Users\yeshw\Downloads\Compressed\backend_primetrade_ai\src\backend\routes\tasks.py:155]
2026-02-05 03:28:25,419 INFO: Task deleted: ID 1 by User 2 [in C:\Users\yeshw\Downloads\Compressed\backend_primetrade_ai\src\backend\routes\tasks.py:155]
